<?xml version="1.0" encoding="UTF-8"?>
<!-- Generated by org.testng.reporters.JUnitReportReporter -->
<testsuite hostname="Gazis-MBP.fios-router.home" failures="0" tests="1" name="progressive.testRunner.testRunner" time="57.751" errors="0" timestamp="27 Aug 2019 19:01:11 GMT" skipped="0">
  <testcase classname="progressive.testRunner.testRunner" name="feature" time="57.751"/>
</testsuite> <!-- progressive.testRunner.testRunner -->
